<?xml version="1.0" encoding="UTF-8"?>
<testng-results skipped="0" failed="0" ignored="0" total="1" passed="1">
  <reporter-output>
  </reporter-output>
  <suite name="automation_test_report" duration-ms="20408" started-at="2019-12-17T17:10:03Z" finished-at="2019-12-17T17:10:23Z">
    <groups>
    </groups>
    <test name="Search" duration-ms="20408" started-at="2019-12-17T17:10:03Z" finished-at="2019-12-17T17:10:23Z">
      <class name="TestCase.Test01">
        <test-method status="PASS" signature="buildDriver()[pri:0, instance:TestCase.Test01@4e718207]" name="buildDriver" is-config="true" duration-ms="3920" started-at="2019-12-17T17:10:03Z" finished-at="2019-12-17T17:10:07Z">
          <reporter-output>
          </reporter-output>
        </test-method> <!-- buildDriver -->
        <test-method status="PASS" signature="test_Login()[pri:0, instance:TestCase.Test01@4e718207]" name="test_Login" duration-ms="15755" started-at="2019-12-17T17:10:07Z" description="Test Log in" finished-at="2019-12-17T17:10:23Z">
          <reporter-output>
          </reporter-output>
        </test-method> <!-- test_Login -->
        <test-method status="PASS" signature="closeDriver()[pri:0, instance:TestCase.Test01@4e718207]" name="closeDriver" is-config="true" duration-ms="713" started-at="2019-12-17T17:10:23Z" finished-at="2019-12-17T17:10:23Z">
          <reporter-output>
          </reporter-output>
        </test-method> <!-- closeDriver -->
      </class> <!-- TestCase.Test01 -->
    </test> <!-- Search -->
  </suite> <!-- automation_test_report -->
</testng-results>
