<?xml version="1.0" encoding="UTF-8"?>
<testng-results skipped="0" failed="0" ignored="0" total="1" passed="1">
  <reporter-output>
  </reporter-output>
  <suite name="automation_test_report" duration-ms="19724" started-at="2020-07-22T09:28:17Z" finished-at="2020-07-22T09:28:36Z">
    <groups>
    </groups>
    <test name="Search" duration-ms="19724" started-at="2020-07-22T09:28:17Z" finished-at="2020-07-22T09:28:36Z">
      <class name="TestCase.Test01">
        <test-method status="PASS" signature="buildDriver()[pri:0, instance:TestCase.Test01@23fe1d71]" name="buildDriver" is-config="true" duration-ms="4059" started-at="2020-07-22T09:28:17Z" finished-at="2020-07-22T09:28:21Z">
          <reporter-output>
          </reporter-output>
        </test-method> <!-- buildDriver -->
        <test-method status="PASS" signature="test_Login()[pri:0, instance:TestCase.Test01@23fe1d71]" name="test_Login" duration-ms="14931" started-at="2020-07-22T09:28:21Z" description="Test Log in" finished-at="2020-07-22T09:28:36Z">
          <reporter-output>
          </reporter-output>
        </test-method> <!-- test_Login -->
        <test-method status="PASS" signature="closeDriver()[pri:0, instance:TestCase.Test01@23fe1d71]" name="closeDriver" is-config="true" duration-ms="709" started-at="2020-07-22T09:28:36Z" finished-at="2020-07-22T09:28:36Z">
          <reporter-output>
          </reporter-output>
        </test-method> <!-- closeDriver -->
      </class> <!-- TestCase.Test01 -->
    </test> <!-- Search -->
  </suite> <!-- automation_test_report -->
</testng-results>
